Base path: /Applications/Unity/Unity.app/Contents
Pipe name: \\.\pipe\UnityShaderCompiler-2--1334616064
Cmd: getPlatforms
Cmd: compileSnippet
  api=1 type=0 insize=3139 outsize=132 kw= ok=1
Cmd: compileSnippet
  api=1 type=1 insize=3139 outsize=381 kw= ok=1
Cmd: compileSnippet
  api=1 type=0 insize=3138 outsize=132 kw= ok=1
Cmd: compileSnippet
  api=1 type=1 insize=3138 outsize=332 kw= ok=1
Cmd: compileSnippet
  api=8 type=1 insize=3138 outsize=1812 kw= ok=1
Cmd: compileSnippet
  api=1 type=0 insize=3183 outsize=132 kw= ok=1
Cmd: compileSnippet
  api=1 type=1 insize=3183 outsize=1561 kw= ok=1
Cmd: compileSnippet
  api=8 type=1 insize=3183 outsize=4753 kw= ok=1
Cmd: compileSnippet
  api=1 type=0 insize=1244 outsize=335 kw= ok=1
Cmd: compileSnippet
  api=1 type=1 insize=1244 outsize=374 kw= ok=1
Cmd: compileSnippet
  api=8 type=1 insize=1244 outsize=2113 kw= ok=1
Cmd: compileSnippet
  api=1 type=0 insize=1347 outsize=379 kw= ok=1
Cmd: compileSnippet
  api=1 type=1 insize=1347 outsize=582 kw= ok=1
Cmd: compileSnippet
  api=8 type=1 insize=1347 outsize=2917 kw= ok=1
End of pipe

Quitting shader compiler process
